2020-01-30 14:23:40,561:jobAutoamtion:INFO:opening page 0...
2020-01-30 14:23:45,799:jobAutoamtion:INFO:is this thr ...
2020-01-30 14:23:45,906:jobAutoamtion:INFO:my account
2020-01-30 14:23:45,945:jobAutoamtion:INFO:page loaded successfully
2020-01-30 14:23:46,577:jobAutoamtion:INFO:my account
2020-01-30 14:55:05,320:jobAutoamtion:INFO:opening page 0...
2020-01-30 14:55:09,821:jobAutoamtion:INFO:is this thr ...
2020-01-30 14:55:09,850:jobAutoamtion:INFO:my account
2020-01-30 14:55:09,862:jobAutoamtion:INFO:page loaded successfully
2020-01-30 14:55:10,261:jobAutoamtion:INFO:my account
2020-01-30 14:58:09,074:jobAutoamtion:INFO:opening page 0...
2020-01-30 14:58:13,851:jobAutoamtion:INFO:is this thr ...
2020-01-30 14:59:34,444:jobAutoamtion:INFO:opening page 0...
2020-01-30 14:59:38,571:jobAutoamtion:INFO:is this thr ...
2020-01-30 14:59:59,346:jobAutoamtion:INFO:opening page 0...
2020-01-30 15:00:03,874:jobAutoamtion:INFO:is this thr ...
2020-01-30 15:00:03,915:jobAutoamtion:INFO:page loaded successfully
2020-01-30 15:00:04,401:jobAutoamtion:INFO:my account
2020-01-30 15:08:27,575:jobAutoamtion:INFO:user-account
2020-01-30 15:09:07,611:jobAutoamtion:INFO:user-account
2020-01-30 15:17:23,276:jobAutoamtion:INFO:user-account
2020-01-30 15:17:34,348:jobAutoamtion:INFO:user-account
2020-01-30 15:19:26,814:jobAutoamtion:INFO:user-account
2020-01-30 16:16:51,822:jobAutoamtion:INFO:opening page 0...
2020-01-30 16:16:57,093:jobAutoamtion:INFO:is this thr ...
2020-01-30 16:16:57,178:jobAutoamtion:INFO:Opened the site successfully
2020-01-30 16:16:59,882:jobAutoamtion:INFO:signing in....
2020-01-30 16:17:00,904:jobAutoamtion:INFO:logged in successfully
2020-01-30 16:17:00,905:jobAutoamtion:INFO:working!!
2020-01-30 16:17:00,905:jobAutoamtion:INFO:page loaded successfully
2020-01-30 16:17:07,575:jobAutoamtion:INFO:my account
2020-01-30 16:17:10,144:jobAutoamtion:INFO:page 2/...
2020-01-30 16:17:10,556:jobAutoamtion:INFO:page3
2020-01-30 16:17:12,303:jobAutoamtion:INFO:Successfully applied for the job
2020-01-30 16:17:12,303:jobAutoamtion:INFO:closing page 0...
2020-01-30 16:17:12,304:jobAutoamtion:INFO:opening page 1...
2020-01-30 16:17:15,759:jobAutoamtion:INFO:is this thr ...
2020-01-30 16:17:15,878:jobAutoamtion:INFO:Opened the site successfully
2020-01-30 16:18:43,878:jobAutoamtion:INFO:opening page 0...
2020-01-30 16:18:48,771:jobAutoamtion:INFO:is this thr ...
2020-01-30 16:18:48,840:jobAutoamtion:INFO:Opened the site successfully
2020-01-30 16:18:51,903:jobAutoamtion:INFO:signing in....
2020-01-30 16:18:53,194:jobAutoamtion:INFO:logged in successfully
2020-01-30 16:18:53,195:jobAutoamtion:INFO:working!!
2020-01-30 16:18:53,195:jobAutoamtion:INFO:page loaded successfully
2020-01-30 16:20:00,345:jobAutoamtion:INFO:opening page 0...
2020-01-30 16:20:05,104:jobAutoamtion:INFO:aNsVSgR
2020-01-30 16:20:05,150:jobAutoamtion:INFO:Opened the site successfully
2020-01-30 16:20:07,576:jobAutoamtion:INFO:signing in....
2020-01-30 16:20:08,729:jobAutoamtion:INFO:logged in successfully
2020-01-30 16:20:08,729:jobAutoamtion:INFO:working!!
2020-01-30 16:20:08,730:jobAutoamtion:INFO:page loaded successfully
2020-01-30 16:20:15,606:jobAutoamtion:INFO:my account
2020-01-30 16:20:19,804:jobAutoamtion:INFO:page 2/...
2020-01-30 16:20:20,211:jobAutoamtion:INFO:page3
2020-01-30 16:20:21,865:jobAutoamtion:INFO:Successfully applied for the job
2020-01-30 16:20:21,866:jobAutoamtion:INFO:closing page 0...
2020-01-30 16:20:21,866:jobAutoamtion:INFO:opening page 1...
2020-01-30 16:20:24,413:jobAutoamtion:INFO:aNsVSgR
2020-01-30 16:20:24,432:jobAutoamtion:INFO:Opened the site successfully
2020-01-30 16:29:58,945:jobAutoamtion:INFO:opening page 0...
2020-01-30 16:30:04,261:jobAutoamtion:INFO:user-account
2020-01-30 16:30:04,283:jobAutoamtion:INFO:sign-in-register
2020-01-30 16:30:04,303:jobAutoamtion:INFO:Opened the site successfully
2020-01-30 16:30:06,672:jobAutoamtion:INFO:signing in....
2020-01-30 16:30:07,459:jobAutoamtion:INFO:logged in successfully
2020-01-30 16:30:07,461:jobAutoamtion:INFO:working!!
2020-01-30 16:30:07,461:jobAutoamtion:INFO:page loaded successfully
2020-01-30 16:32:57,670:jobAutoamtion:INFO:opening page 0...
2020-01-30 16:33:02,804:jobAutoamtion:INFO:user-account
2020-01-30 16:33:02,845:jobAutoamtion:INFO:sign-in-register
2020-01-30 16:33:02,894:jobAutoamtion:INFO:Opened the site successfully
2020-01-30 16:33:05,918:jobAutoamtion:INFO:signing in....
2020-01-30 16:33:07,040:jobAutoamtion:INFO:logged in successfully
2020-01-30 16:33:07,040:jobAutoamtion:INFO:working!!
2020-01-30 16:33:07,041:jobAutoamtion:INFO:page loaded successfully
2020-01-30 16:39:40,280:jobAutoamtion:INFO:opening page 0...
2020-01-30 16:39:46,881:jobAutoamtion:INFO:user-account
2020-01-30 16:39:46,926:jobAutoamtion:INFO:sign-in-register
2020-01-30 16:39:46,973:jobAutoamtion:INFO:Opened the site successfully
2020-01-30 16:39:49,525:jobAutoamtion:INFO:signing in....
2020-01-30 16:39:50,737:jobAutoamtion:INFO:logged in successfully
2020-01-30 16:39:50,738:jobAutoamtion:INFO:working!!
2020-01-30 16:39:50,738:jobAutoamtion:INFO:page loaded successfully
2020-01-30 16:39:55,951:jobAutoamtion:INFO:my account
2020-01-30 16:39:59,122:jobAutoamtion:INFO:page 2/...
2020-01-30 16:39:59,526:jobAutoamtion:INFO:page3
2020-01-30 16:40:01,077:jobAutoamtion:INFO:Successfully applied for the job
2020-01-30 16:40:01,077:jobAutoamtion:INFO:closing page 0...
2020-01-30 16:40:01,077:jobAutoamtion:INFO:opening page 1...
2020-01-30 16:40:04,395:jobAutoamtion:INFO:user-account
2020-01-30 16:40:04,448:jobAutoamtion:INFO:sign-in-register
2020-01-30 16:40:04,492:jobAutoamtion:INFO:Opened the site successfully
2020-01-30 16:53:04,753:jobAutoamtion:INFO:Opened the site successfully
2020-01-30 16:53:06,328:jobAutoamtion:INFO:signing in....
2020-01-30 16:53:09,391:jobAutoamtion:INFO:logged in successfully
2020-01-30 16:53:09,393:jobAutoamtion:INFO:working!!
2020-01-30 16:53:09,396:jobAutoamtion:INFO:opening page 0...
2020-01-30 16:53:13,788:jobAutoamtion:INFO:user-account
2020-01-30 16:53:13,831:jobAutoamtion:INFO:sign-in-register
2020-01-30 16:53:13,831:jobAutoamtion:INFO:page loaded successfully
2020-01-30 16:53:14,489:jobAutoamtion:INFO:my account
2020-01-30 17:00:52,903:jobAutoamtion:INFO:opening page 0...
2020-01-30 17:00:58,526:jobAutoamtion:INFO:user-account
2020-01-30 17:00:58,569:jobAutoamtion:INFO:sign-in-register
2020-01-30 17:01:23,314:jobAutoamtion:INFO:opening page 0...
2020-01-30 17:01:28,559:jobAutoamtion:INFO:user-account
2020-01-30 17:01:28,604:jobAutoamtion:INFO:sign-in-register
2020-01-30 17:02:40,683:jobAutoamtion:INFO:opening page 0...
2020-01-30 17:02:45,831:jobAutoamtion:INFO:user-account
2020-01-30 17:02:45,878:jobAutoamtion:INFO:sign-in-register
2020-01-30 17:02:45,963:jobAutoamtion:INFO:Opened the site successfully
2020-01-30 17:02:49,967:jobAutoamtion:INFO:signing in....
2020-01-30 17:02:50,751:jobAutoamtion:INFO:logged in successfully
2020-01-30 17:02:50,752:jobAutoamtion:INFO:working!!
2020-01-30 17:02:50,752:jobAutoamtion:INFO:page loaded successfully
2020-01-30 17:02:56,708:jobAutoamtion:INFO:my account
2020-01-30 17:02:59,067:jobAutoamtion:INFO:page 2/...
2020-01-30 17:02:59,391:jobAutoamtion:INFO:page3
2020-01-30 17:03:00,712:jobAutoamtion:INFO:Successfully applied for the job
2020-01-30 17:03:00,712:jobAutoamtion:INFO:closing page 0...
2020-01-30 17:03:00,712:jobAutoamtion:INFO:opening page 1...
2020-01-30 17:03:03,982:jobAutoamtion:INFO:user-account
2020-01-30 17:03:04,032:jobAutoamtion:INFO:sign-in-register
2020-01-30 17:03:04,115:jobAutoamtion:INFO:Opened the site successfully
2020-01-30 17:05:01,267:jobAutoamtion:INFO:opening page 0...
2020-01-30 17:05:07,831:jobAutoamtion:INFO:user-account
2020-01-30 17:05:07,877:jobAutoamtion:INFO:sign-in-register
2020-01-30 17:05:19,584:jobAutoamtion:INFO:opening page 0...
2020-01-30 17:05:25,037:jobAutoamtion:INFO:user-account
2020-01-30 17:05:25,089:jobAutoamtion:INFO:sign-in-register
2020-01-30 17:05:47,845:jobAutoamtion:INFO:opening page 0...
2020-01-30 17:05:52,616:jobAutoamtion:INFO:user-account
2020-01-30 17:05:52,670:jobAutoamtion:INFO:sign-in-register
2020-01-30 17:09:20,468:jobAutoamtion:INFO:opening page 0...
2020-01-30 17:09:26,348:jobAutoamtion:INFO:user-account
2020-01-30 17:09:26,391:jobAutoamtion:INFO:sign-in-register
2020-01-30 17:32:57,781:jobAutoamtion:INFO:opening page 0...
2020-01-30 17:33:06,144:jobAutoamtion:INFO:user-account
2020-01-30 17:33:06,196:jobAutoamtion:INFO:sign-in-register
2020-01-30 17:33:06,375:jobAutoamtion:INFO:Opened the site successfully
2020-01-30 17:33:08,737:jobAutoamtion:INFO:signing in....
2020-01-30 17:33:09,476:jobAutoamtion:INFO:logged in successfully
2020-01-30 17:33:09,476:jobAutoamtion:INFO:working!!
2020-01-30 17:33:09,477:jobAutoamtion:INFO:page loaded successfully
2020-01-30 17:34:16,319:jobAutoamtion:INFO:opening page 0...
2020-01-30 17:34:20,941:jobAutoamtion:INFO:user-account
2020-01-30 17:34:20,992:jobAutoamtion:INFO:sign-in-register
2020-01-30 17:34:21,144:jobAutoamtion:INFO:Opened the site successfully
2020-01-30 17:34:23,493:jobAutoamtion:INFO:signing in....
2020-01-30 17:34:24,293:jobAutoamtion:INFO:logged in successfully
2020-01-30 17:34:24,294:jobAutoamtion:INFO:working!!
2020-01-30 17:34:24,294:jobAutoamtion:INFO:page loaded successfully
2020-01-30 17:34:29,574:jobAutoamtion:INFO:my account
2020-01-30 17:34:33,036:jobAutoamtion:INFO:page 2/...
2020-01-30 17:34:33,418:jobAutoamtion:INFO:page3
2020-01-30 17:34:34,890:jobAutoamtion:INFO:Successfully applied for the job
2020-01-30 17:34:34,891:jobAutoamtion:INFO:closing page 0...
2020-01-30 17:34:34,891:jobAutoamtion:INFO:opening page 1...
2020-01-30 17:34:37,456:jobAutoamtion:INFO:user-account
2020-01-30 17:34:37,538:jobAutoamtion:INFO:sign-in-register
2020-01-30 17:34:39,663:jobAutoamtion:INFO:page loaded successfully
2020-01-30 17:34:40,222:jobAutoamtion:INFO:my account
2020-01-30 17:34:42,781:jobAutoamtion:ERROR:Extended amount time error
Traceback (most recent call last):
  File "/home/preeyash/Desktop/Projects/Python/Web Scraper/jobAutoamtion.py", line 48, in applyJob
    WebDriverWait(self.driver, delay).until(EC.presence_of_element_located((By.TAG_NAME, "fieldset"))) # waits for 3secs to check if the element fieldset is loaded
  File "/home/preeyash/Desktop/Projects/Python/Web Scraper/webscraper-env/lib/python3.6/site-packages/selenium/webdriver/support/wait.py", line 80, in until
    raise TimeoutException(message, screen, stacktrace)
selenium.common.exceptions.TimeoutException: Message: 

2020-01-30 17:36:58,382:jobAutoamtion:INFO:opening page 0...
2020-01-30 17:37:02,552:jobAutoamtion:INFO:user-account
2020-01-30 17:37:02,594:jobAutoamtion:INFO:sign-in-register
2020-01-30 17:37:02,745:jobAutoamtion:INFO:Opened the site successfully
2020-01-30 17:37:05,135:jobAutoamtion:INFO:signing in....
2020-01-30 17:37:06,028:jobAutoamtion:INFO:logged in successfully
2020-01-30 17:37:06,028:jobAutoamtion:INFO:working!!
2020-01-30 17:37:06,029:jobAutoamtion:INFO:page loaded successfully
2020-01-30 17:37:11,990:jobAutoamtion:INFO:my account
2020-01-30 17:37:14,401:jobAutoamtion:INFO:page 2/...
2020-01-30 17:37:14,732:jobAutoamtion:INFO:page3
2020-01-30 17:37:16,386:jobAutoamtion:INFO:Successfully applied for the job
2020-01-30 17:37:16,387:jobAutoamtion:INFO:closing page 0...
2020-01-30 17:37:16,387:jobAutoamtion:INFO:opening page 1...
2020-01-30 17:37:18,474:jobAutoamtion:INFO:user-account
2020-01-30 17:37:18,520:jobAutoamtion:INFO:sign-in-register
2020-01-30 17:37:20,543:jobAutoamtion:INFO:page loaded successfully
2020-01-30 17:37:23,753:jobAutoamtion:INFO:my account
2020-01-30 17:37:26,319:jobAutoamtion:ERROR:Extended amount time error
Traceback (most recent call last):
  File "/home/preeyash/Desktop/Projects/Python/Web Scraper/jobAutoamtion.py", line 48, in applyJob
    WebDriverWait(self.driver, delay).until(EC.presence_of_element_located((By.TAG_NAME, "fieldset"))) # waits for 3secs to check if the element fieldset is loaded
  File "/home/preeyash/Desktop/Projects/Python/Web Scraper/webscraper-env/lib/python3.6/site-packages/selenium/webdriver/support/wait.py", line 80, in until
    raise TimeoutException(message, screen, stacktrace)
selenium.common.exceptions.TimeoutException: Message: 

2020-01-30 17:39:51,465:jobAutoamtion:INFO:opening page 0...
2020-01-30 17:39:57,280:jobAutoamtion:INFO:Opened the site successfully
2020-01-30 17:40:00,228:jobAutoamtion:INFO:signing in....
2020-01-30 17:40:01,038:jobAutoamtion:INFO:logged in successfully
2020-01-30 17:40:01,038:jobAutoamtion:INFO:working!!
2020-01-30 17:40:01,038:jobAutoamtion:INFO:page loaded successfully
2020-01-30 17:40:13,654:jobAutoamtion:INFO:Successfully applied for the job
2020-01-30 17:40:13,704:jobAutoamtion:INFO:closing page 0...
2020-01-30 17:40:13,705:jobAutoamtion:INFO:opening page 1...
2020-01-30 17:40:18,615:jobAutoamtion:INFO:page loaded successfully
2020-01-30 17:40:24,472:jobAutoamtion:ERROR:Extended amount time error
Traceback (most recent call last):
  File "/home/preeyash/Desktop/Projects/Python/Web Scraper/jobAutoamtion.py", line 47, in applyJob
    WebDriverWait(self.driver, delay).until(EC.presence_of_element_located((By.TAG_NAME, "fieldset"))) # waits for 3secs to check if the element fieldset is loaded
  File "/home/preeyash/Desktop/Projects/Python/Web Scraper/webscraper-env/lib/python3.6/site-packages/selenium/webdriver/support/wait.py", line 80, in until
    raise TimeoutException(message, screen, stacktrace)
selenium.common.exceptions.TimeoutException: Message: 

